# JRE version: OpenJDK Runtime Environment (15.0.2+7) (build 15.0.2+7-27)
# Java VM: OpenJDK 64-Bit Server VM (15.0.2+7-27, mixed mode, tiered, compressed oops, g1 gc, windows-amd64)
GC Precious Log:
 CPUs: 8 total, 8 available
 Memory: 7918M
 Large Page Support: Disabled
 NUMA Support: Disabled
 Compressed Oops: Enabled (32-bit)
 Heap Region Size: 1M
 Heap Min Capacity: 8M
 Heap Initial Capacity: 124M
 Heap Max Capacity: 1980M
 Pre-touch: Disabled
 Parallel Workers: 8
 Concurrent Workers: 2
 Concurrent Refinement Workers: 8
 Periodic GC: Disabled
Heap:
 garbage-first heap   total 51200K, used 17275K [0x0000000084400000, 0x0000000100000000)
  region size 1024K, 5 young (5120K), 3 survivors (3072K)
 Metaspace       used 25967K, capacity 26216K, committed 26288K, reserved 1073152K
  class space    used 2979K, capacity 3033K, committed 3072K, reserved 1048576K
GC Heap History (6 events):
Event: 0.913 GC heap before
{Heap before GC invocations=0 (full 0):
 garbage-first heap   total 126976K, used 26624K [0x0000000084400000, 0x0000000100000000)
  region size 1024K, 23 young (23552K), 0 survivors (0K)
 Metaspace       used 12946K, capacity 13191K, committed 13312K, reserved 1060864K
  class space    used 1415K, capacity 1474K, committed 1536K, reserved 1048576K
}
Event: 0.920 GC heap after
{Heap after GC invocations=1 (full 0):
 garbage-first heap   total 126976K, used 9646K [0x0000000084400000, 0x0000000100000000)
  region size 1024K, 3 young (3072K), 3 survivors (3072K)
 Metaspace       used 12946K, capacity 13191K, committed 13312K, reserved 1060864K
  class space    used 1415K, capacity 1474K, committed 1536K, reserved 1048576K
}
Event: 2.694 GC heap before
{Heap before GC invocations=1 (full 0):
 garbage-first heap   total 126976K, used 36270K [0x0000000084400000, 0x0000000100000000)
  region size 1024K, 30 young (30720K), 3 survivors (3072K)
 Metaspace       used 21016K, capacity 21181K, committed 21296K, reserved 1069056K
  class space    used 2353K, capacity 2403K, committed 2432K, reserved 1048576K
}
Event: 2.703 GC heap after
{Heap after GC invocations=2 (full 0):
 garbage-first heap   total 126976K, used 13876K [0x0000000084400000, 0x0000000100000000)
  region size 1024K, 4 young (4096K), 4 survivors (4096K)
 Metaspace       used 21016K, capacity 21181K, committed 21296K, reserved 1069056K
  class space    used 2353K, capacity 2403K, committed 2432K, reserved 1048576K
}
Event: 25.274 GC heap before
{Heap before GC invocations=3 (full 0):
 garbage-first heap   total 51200K, used 40500K [0x0000000084400000, 0x0000000100000000)
  region size 1024K, 30 young (30720K), 4 survivors (4096K)
 Metaspace       used 25566K, capacity 25864K, committed 26032K, reserved 1073152K
  class space    used 2919K, capacity 3001K, committed 3072K, reserved 1048576K
}
Event: 25.283 GC heap after
{Heap after GC invocations=4 (full 0):
 garbage-first heap   total 51200K, used 16251K [0x0000000084400000, 0x0000000100000000)
  region size 1024K, 3 young (3072K), 3 survivors (3072K)
 Metaspace       used 25566K, capacity 25864K, committed 26032K, reserved 1073152K
  class space    used 2919K, capacity 3001K, committed 3072K, reserved 1048576K
}

